  [1m[35m (1.0ms)[0m  [1m[34mSELECT "schema_migrations"."version" FROM "schema_migrations" ORDER BY "schema_migrations"."version" ASC[0m
  â†³ bin/rails:9
  [1m[35m (0.3ms)[0m  [1m[34mSELECT "ar_internal_metadata"."value" FROM "ar_internal_metadata" WHERE "ar_internal_metadata"."key" = $1[0m  [["key", "environment"]]
  â†³ bin/rails:9
  [1m[35m (0.2ms)[0m  [1m[34mSELECT "schema_migrations"."version" FROM "schema_migrations" ORDER BY "schema_migrations"."version" ASC[0m
  â†³ bin/rails:9
  [1m[35m (0.2ms)[0m  [1m[34mSELECT "ar_internal_metadata"."value" FROM "ar_internal_metadata" WHERE "ar_internal_metadata"."key" = $1[0m  [["key", "environment"]]
  â†³ bin/rails:9
  [1m[35m (0.3ms)[0m  [1m[34mSELECT "schema_migrations"."version" FROM "schema_migrations" ORDER BY "schema_migrations"."version" ASC[0m
  â†³ bin/rails:9
  [1m[35m (0.2ms)[0m  [1m[34mSELECT "ar_internal_metadata"."value" FROM "ar_internal_metadata" WHERE "ar_internal_metadata"."key" = $1[0m  [["key", "environment"]]
  â†³ bin/rails:9
  [1m[35m (142.7ms)[0m  [1m[35mDROP DATABASE IF EXISTS "rapunchline_development"[0m
  â†³ bin/rails:9
  [1m[35m (148.4ms)[0m  [1m[35mDROP DATABASE IF EXISTS "rapunchline_test"[0m
  â†³ bin/rails:9
  [1m[35m (491.0ms)[0m  [1m[35mCREATE DATABASE "rapunchline_development" ENCODING = 'unicode'[0m
  â†³ bin/rails:9
  [1m[35m (325.7ms)[0m  [1m[35mCREATE DATABASE "rapunchline_test" ENCODING = 'unicode'[0m
  â†³ bin/rails:9
  [1m[35m (8.7ms)[0m  [1m[35mCREATE TABLE "schema_migrations" ("version" character varying NOT NULL PRIMARY KEY)[0m
  â†³ bin/rails:9
  [1m[35m (5.5ms)[0m  [1m[35mCREATE TABLE "ar_internal_metadata" ("key" character varying NOT NULL PRIMARY KEY, "value" character varying, "created_at" timestamp NOT NULL, "updated_at" timestamp NOT NULL)[0m
  â†³ bin/rails:9
  [1m[35m (0.3ms)[0m  [1m[34mSELECT pg_try_advisory_lock(4283434380542915535)[0m
  â†³ bin/rails:9
  [1m[35m (0.9ms)[0m  [1m[34mSELECT "schema_migrations"."version" FROM "schema_migrations" ORDER BY "schema_migrations"."version" ASC[0m
  â†³ bin/rails:9
  [1m[36mActiveRecord::InternalMetadata Load (0.5ms)[0m  [1m[34mSELECT  "ar_internal_metadata".* FROM "ar_internal_metadata" WHERE "ar_internal_metadata"."key" = $1 LIMIT $2[0m  [["key", "environment"], ["LIMIT", 1]]
  â†³ bin/rails:9
  [1m[35m (0.2ms)[0m  [1m[35mBEGIN[0m
  â†³ bin/rails:9
  [1m[36mActiveRecord::InternalMetadata Create (1.0ms)[0m  [1m[32mINSERT INTO "ar_internal_metadata" ("key", "value", "created_at", "updated_at") VALUES ($1, $2, $3, $4) RETURNING "key"[0m  [["key", "environment"], ["value", "development"], ["created_at", "2018-06-06 15:17:58.602537"], ["updated_at", "2018-06-06 15:17:58.602537"]]
  â†³ bin/rails:9
  [1m[35m (0.6ms)[0m  [1m[35mCOMMIT[0m
  â†³ bin/rails:9
  [1m[35m (0.5ms)[0m  [1m[34mSELECT pg_advisory_unlock(4283434380542915535)[0m
  â†³ bin/rails:9
  [1m[35m (0.5ms)[0m  [1m[34mSELECT "schema_migrations"."version" FROM "schema_migrations" ORDER BY "schema_migrations"."version" ASC[0m
  â†³ bin/rails:9
  [1m[35m (0.2ms)[0m  [1m[34mSELECT pg_try_advisory_lock(4283434380542915535)[0m
  â†³ bin/rails:9
  [1m[35m (1.1ms)[0m  [1m[34mSELECT "schema_migrations"."version" FROM "schema_migrations" ORDER BY "schema_migrations"."version" ASC[0m
  â†³ bin/rails:9
Migrating to DeviseCreateUsers (20180606151803)
  [1m[35m (0.2ms)[0m  [1m[35mBEGIN[0m
  â†³ bin/rails:9
  [1m[35m (7.2ms)[0m  [1m[35mCREATE TABLE "users" ("id" bigserial primary key, "email" character varying DEFAULT '' NOT NULL, "encrypted_password" character varying DEFAULT '' NOT NULL, "reset_password_token" character varying, "reset_password_sent_at" timestamp, "remember_created_at" timestamp, "sign_in_count" integer DEFAULT 0 NOT NULL, "current_sign_in_at" timestamp, "last_sign_in_at" timestamp, "current_sign_in_ip" inet, "last_sign_in_ip" inet, "created_at" timestamp NOT NULL, "updated_at" timestamp NOT NULL)[0m
  â†³ db/migrate/20180606151803_devise_create_users.rb:5
  [1m[35m (1.3ms)[0m  [1m[35mCREATE UNIQUE INDEX  "index_users_on_email" ON "users"  ("email")[0m
  â†³ db/migrate/20180606151803_devise_create_users.rb:39
  [1m[35m (0.8ms)[0m  [1m[35mCREATE UNIQUE INDEX  "index_users_on_reset_password_token" ON "users"  ("reset_password_token")[0m
  â†³ db/migrate/20180606151803_devise_create_users.rb:40
  [1m[36mActiveRecord::SchemaMigration Create (0.5ms)[0m  [1m[32mINSERT INTO "schema_migrations" ("version") VALUES ($1) RETURNING "version"[0m  [["version", "20180606151803"]]
  â†³ bin/rails:9
  [1m[35m (0.4ms)[0m  [1m[35mCOMMIT[0m
  â†³ bin/rails:9
  [1m[36mActiveRecord::InternalMetadata Load (0.3ms)[0m  [1m[34mSELECT  "ar_internal_metadata".* FROM "ar_internal_metadata" WHERE "ar_internal_metadata"."key" = $1 LIMIT $2[0m  [["key", "environment"], ["LIMIT", 1]]
  â†³ bin/rails:9
  [1m[35m (0.1ms)[0m  [1m[35mBEGIN[0m
  â†³ bin/rails:9
  [1m[35m (0.1ms)[0m  [1m[35mCOMMIT[0m
  â†³ bin/rails:9
  [1m[35m (0.2ms)[0m  [1m[34mSELECT pg_advisory_unlock(4283434380542915535)[0m
  â†³ bin/rails:9
  [1m[35m (0.4ms)[0m  [1m[34mSELECT "schema_migrations"."version" FROM "schema_migrations" ORDER BY "schema_migrations"."version" ASC[0m
  â†³ bin/rails:9
Started GET "/articles" for 127.0.0.1 at 2018-06-06 17:24:58 +0200
  [1m[35m (0.7ms)[0m  [1m[34mSELECT "schema_migrations"."version" FROM "schema_migrations" ORDER BY "schema_migrations"."version" ASC[0m
  â†³ /Users/lucasduval/.rbenv/versions/2.5.1/lib/ruby/gems/2.5.0/gems/activerecord-5.2.0/lib/active_record/log_subscriber.rb:98
  
ActionController::RoutingError (No route matches [GET] "/articles"):
  
actionpack (5.2.0) lib/action_dispatch/middleware/debug_exceptions.rb:65:in `call'
web-console (3.6.2) lib/web_console/middleware.rb:135:in `call_app'
web-console (3.6.2) lib/web_console/middleware.rb:30:in `block in call'
web-console (3.6.2) lib/web_console/middleware.rb:20:in `catch'
web-console (3.6.2) lib/web_console/middleware.rb:20:in `call'
actionpack (5.2.0) lib/action_dispatch/middleware/show_exceptions.rb:33:in `call'
railties (5.2.0) lib/rails/rack/logger.rb:38:in `call_app'
railties (5.2.0) lib/rails/rack/logger.rb:26:in `block in call'
activesupport (5.2.0) lib/active_support/tagged_logging.rb:71:in `block in tagged'
activesupport (5.2.0) lib/active_support/tagged_logging.rb:28:in `tagged'
activesupport (5.2.0) lib/active_support/tagged_logging.rb:71:in `tagged'
railties (5.2.0) lib/rails/rack/logger.rb:26:in `call'
sprockets-rails (3.2.1) lib/sprockets/rails/quiet_assets.rb:13:in `call'
actionpack (5.2.0) lib/action_dispatch/middleware/remote_ip.rb:81:in `call'
actionpack (5.2.0) lib/action_dispatch/middleware/request_id.rb:27:in `call'
rack (2.0.5) lib/rack/method_override.rb:22:in `call'
rack (2.0.5) lib/rack/runtime.rb:22:in `call'
activesupport (5.2.0) lib/active_support/cache/strategy/local_cache_middleware.rb:29:in `call'
actionpack (5.2.0) lib/action_dispatch/middleware/executor.rb:14:in `call'
actionpack (5.2.0) lib/action_dispatch/middleware/static.rb:127:in `call'
rack (2.0.5) lib/rack/sendfile.rb:111:in `call'
railties (5.2.0) lib/rails/engine.rb:524:in `call'
puma (3.11.4) lib/puma/configuration.rb:225:in `call'
puma (3.11.4) lib/puma/server.rb:632:in `handle_request'
puma (3.11.4) lib/puma/server.rb:446:in `process_client'
puma (3.11.4) lib/puma/server.rb:306:in `block in run'
puma (3.11.4) lib/puma/thread_pool.rb:120:in `block in spawn_thread'
Started GET "/articles" for 127.0.0.1 at 2018-06-06 17:25:44 +0200
Processing by ArticlesController#index as HTML
  Rendering articles/index.html.erb within layouts/application
  Rendered articles/index.html.erb within layouts/application (0.2ms)
  Rendered shared/_navbar.html.erb (31.9ms)
  Rendered shared/_flashes.html.erb (1.6ms)
Completed 200 OK in 5628ms (Views: 5625.6ms | ActiveRecord: 0.0ms)


Started GET "/articles" for 127.0.0.1 at 2018-06-06 17:41:29 +0200
  
SyntaxError (/Users/lucasduval/rapunchline/app/controllers/articles_controller.rb:6: syntax error, unexpected ..., expecting ']'
  [...]
   ^~~
/Users/lucasduval/rapunchline/app/controllers/articles_controller.rb:26: syntax error, unexpected end-of-input, expecting keyword_end):
  
app/controllers/articles_controller.rb:6: syntax error, unexpected ..., expecting ']'
app/controllers/articles_controller.rb:26: syntax error, unexpected end-of-input, expecting keyword_end
Started GET "/articles" for 127.0.0.1 at 2018-06-06 17:41:31 +0200
  
SyntaxError (/Users/lucasduval/rapunchline/app/controllers/articles_controller.rb:6: syntax error, unexpected ..., expecting ']'
  [...]
   ^~~
/Users/lucasduval/rapunchline/app/controllers/articles_controller.rb:26: syntax error, unexpected end-of-input, expecting keyword_end):
  
app/controllers/articles_controller.rb:6: syntax error, unexpected ..., expecting ']'
app/controllers/articles_controller.rb:26: syntax error, unexpected end-of-input, expecting keyword_end
Started GET "/articles" for 127.0.0.1 at 2018-06-06 17:42:28 +0200
  
SyntaxError (/Users/lucasduval/rapunchline/app/controllers/articles_controller.rb:6: syntax error, unexpected ..., expecting ']'
  [...]
   ^~~
/Users/lucasduval/rapunchline/app/controllers/articles_controller.rb:26: syntax error, unexpected end-of-input, expecting keyword_end):
  
app/controllers/articles_controller.rb:6: syntax error, unexpected ..., expecting ']'
app/controllers/articles_controller.rb:26: syntax error, unexpected end-of-input, expecting keyword_end
Started GET "/articles" for 127.0.0.1 at 2018-06-06 17:42:50 +0200
  
SyntaxError (/Users/lucasduval/rapunchline/app/controllers/articles_controller.rb:26: syntax error, unexpected keyword_end, expecting end-of-input):
  
app/controllers/articles_controller.rb:26: syntax error, unexpected keyword_end, expecting end-of-input
Started GET "/articles" for 127.0.0.1 at 2018-06-06 17:42:57 +0200
Processing by ArticlesController#index as HTML
Completed 500 Internal Server Error in 2ms (ActiveRecord: 0.0ms)


  
NameError (uninitialized constant ArticlesController::Article):
  
app/controllers/articles_controller.rb:4:in `index'
Started GET "/articles" for 127.0.0.1 at 2018-06-06 17:43:23 +0200
  
SyntaxError (/Users/lucasduval/rapunchline/app/controllers/articles_controller.rb:5: syntax error, unexpected ..., expecting ']'
[...]
 ^~~):
  
app/controllers/articles_controller.rb:5: syntax error, unexpected ..., expecting ']'
Started GET "/articles" for 127.0.0.1 at 2018-06-06 17:43:53 +0200
  
SyntaxError (/Users/lucasduval/rapunchline/app/controllers/articles_controller.rb:4: syntax error, unexpected end-of-input, expecting keyword_end):
  
app/controllers/articles_controller.rb:4: syntax error, unexpected end-of-input, expecting keyword_end
Started GET "/articles" for 127.0.0.1 at 2018-06-06 17:44:28 +0200
  
SyntaxError (/Users/lucasduval/rapunchline/app/controllers/articles_controller.rb:4: syntax error, unexpected end-of-input, expecting keyword_end):
  
app/controllers/articles_controller.rb:4: syntax error, unexpected end-of-input, expecting keyword_end
Started GET "/articles" for 127.0.0.1 at 2018-06-06 17:51:06 +0200
Processing by ArticlesController#index as HTML
  Rendering articles/index.html.erb within layouts/application
  Rendered articles/index.html.erb within layouts/application (2.6ms)
Completed 500 Internal Server Error in 15ms (ActiveRecord: 0.0ms)


  
ActionView::Template::Error (undefined method `each' for nil:NilClass):
    1: <h1>Mon blog</h1>
    2: <% @articles.each do |article| %>
    3: <h2><%= article.title %> - <%= "*" * article.stars %></h2>
    4: <p><b><%= article.created_at %></b></p>
    5: <% end %>
  
app/views/articles/index.html.erb:2:in `_app_views_articles_index_html_erb___1308929204929642669_70149303524640'
Started GET "/articles" for 127.0.0.1 at 2018-06-06 17:51:59 +0200
Processing by ArticlesController#index as HTML
  Rendering articles/index.html.erb within layouts/application
  Rendered articles/index.html.erb within layouts/application (2.4ms)
Completed 500 Internal Server Error in 8ms (ActiveRecord: 0.0ms)


  
ActionView::Template::Error (undefined method `each' for nil:NilClass):
    1: <h1>Mon blog</h1>
    2: <% @articles.each do |article| %>
    3: <h2><%= article.title %> - <%= "*" * article.stars %></h2>
    4: <p><b><%= article.created_at %></b></p>
    5: <% end %>
  
app/views/articles/index.html.erb:2:in `_app_views_articles_index_html_erb___1308929204929642669_70149362261160'
Started GET "/" for 127.0.0.1 at 2018-06-08 12:24:10 +0200
  [1m[35m (1.5ms)[0m  [1m[34mSELECT "schema_migrations"."version" FROM "schema_migrations" ORDER BY "schema_migrations"."version" ASC[0m
  â†³ /Users/lucasduval/.rbenv/versions/2.5.1/lib/ruby/gems/2.5.0/gems/activerecord-5.2.0/lib/active_record/log_subscriber.rb:98
Processing by PagesController#home as HTML
  Rendering pages/home.html.erb within layouts/application
  Rendered pages/home.html.erb within layouts/application (0.8ms)
  Rendered shared/_navbar.html.erb (9.5ms)
  Rendered shared/_flashes.html.erb (0.5ms)
Completed 200 OK in 335ms (Views: 333.6ms | ActiveRecord: 0.0ms)


Started GET "/" for 127.0.0.1 at 2018-06-08 12:36:30 +0200
Processing by PagesController#home as HTML
  Rendering pages/home.html.erb within layouts/application
  Rendered pages/home.html.erb within layouts/application (0.4ms)
  Rendered shared/_navbar.html.erb (1.1ms)
  Rendered shared/_flashes.html.erb (0.4ms)
Completed 200 OK in 25ms (Views: 23.8ms | ActiveRecord: 0.0ms)


Started GET "/" for 127.0.0.1 at 2018-06-08 12:41:05 +0200
Processing by PagesController#home as HTML
  Rendering pages/home.html.erb within layouts/application
  Rendered pages/home.html.erb within layouts/application (0.3ms)
  Rendered shared/_navbar.html.erb (1.4ms)
  Rendered shared/_flashes.html.erb (0.5ms)
Completed 200 OK in 22ms (Views: 21.2ms | ActiveRecord: 0.0ms)


Started GET "/" for 127.0.0.1 at 2018-06-08 12:41:11 +0200
Processing by PagesController#home as HTML
  Rendering pages/home.html.erb within layouts/application
  Rendered pages/home.html.erb within layouts/application (0.4ms)
  Rendered shared/_navbar.html.erb (0.8ms)
  Rendered shared/_flashes.html.erb (0.3ms)
Completed 200 OK in 23ms (Views: 21.3ms | ActiveRecord: 0.0ms)


Started GET "/" for 127.0.0.1 at 2018-06-08 12:41:12 +0200
Processing by PagesController#home as HTML
  Rendering pages/home.html.erb within layouts/application
  Rendered pages/home.html.erb within layouts/application (0.2ms)
  Rendered shared/_navbar.html.erb (1.1ms)
  Rendered shared/_flashes.html.erb (0.4ms)
Completed 200 OK in 20ms (Views: 19.4ms | ActiveRecord: 0.0ms)


Started GET "/SHOW" for 127.0.0.1 at 2018-06-08 12:41:12 +0200
  
ActionController::RoutingError (No route matches [GET] "/SHOW"):
  
actionpack (5.2.0) lib/action_dispatch/middleware/debug_exceptions.rb:65:in `call'
web-console (3.6.2) lib/web_console/middleware.rb:135:in `call_app'
web-console (3.6.2) lib/web_console/middleware.rb:30:in `block in call'
web-console (3.6.2) lib/web_console/middleware.rb:20:in `catch'
web-console (3.6.2) lib/web_console/middleware.rb:20:in `call'
actionpack (5.2.0) lib/action_dispatch/middleware/show_exceptions.rb:33:in `call'
railties (5.2.0) lib/rails/rack/logger.rb:38:in `call_app'
railties (5.2.0) lib/rails/rack/logger.rb:26:in `block in call'
activesupport (5.2.0) lib/active_support/tagged_logging.rb:71:in `block in tagged'
activesupport (5.2.0) lib/active_support/tagged_logging.rb:28:in `tagged'
activesupport (5.2.0) lib/active_support/tagged_logging.rb:71:in `tagged'
railties (5.2.0) lib/rails/rack/logger.rb:26:in `call'
sprockets-rails (3.2.1) lib/sprockets/rails/quiet_assets.rb:13:in `call'
actionpack (5.2.0) lib/action_dispatch/middleware/remote_ip.rb:81:in `call'
actionpack (5.2.0) lib/action_dispatch/middleware/request_id.rb:27:in `call'
rack (2.0.5) lib/rack/method_override.rb:22:in `call'
rack (2.0.5) lib/rack/runtime.rb:22:in `call'
activesupport (5.2.0) lib/active_support/cache/strategy/local_cache_middleware.rb:29:in `call'
actionpack (5.2.0) lib/action_dispatch/middleware/executor.rb:14:in `call'
actionpack (5.2.0) lib/action_dispatch/middleware/static.rb:127:in `call'
rack (2.0.5) lib/rack/sendfile.rb:111:in `call'
railties (5.2.0) lib/rails/engine.rb:524:in `call'
puma (3.11.4) lib/puma/configuration.rb:225:in `call'
puma (3.11.4) lib/puma/server.rb:632:in `handle_request'
puma (3.11.4) lib/puma/server.rb:446:in `process_client'
puma (3.11.4) lib/puma/server.rb:306:in `block in run'
puma (3.11.4) lib/puma/thread_pool.rb:120:in `block in spawn_thread'
Started GET "/" for 127.0.0.1 at 2018-06-08 12:41:16 +0200
Processing by PagesController#home as HTML
  Rendering pages/home.html.erb within layouts/application
  Rendered pages/home.html.erb within layouts/application (0.2ms)
  Rendered shared/_navbar.html.erb (0.9ms)
  Rendered shared/_flashes.html.erb (0.3ms)
Completed 200 OK in 18ms (Views: 17.2ms | ActiveRecord: 0.0ms)


Started GET "/show" for 127.0.0.1 at 2018-06-08 12:41:18 +0200
  
ActionController::RoutingError (No route matches [GET] "/show"):
  
actionpack (5.2.0) lib/action_dispatch/middleware/debug_exceptions.rb:65:in `call'
web-console (3.6.2) lib/web_console/middleware.rb:135:in `call_app'
web-console (3.6.2) lib/web_console/middleware.rb:30:in `block in call'
web-console (3.6.2) lib/web_console/middleware.rb:20:in `catch'
web-console (3.6.2) lib/web_console/middleware.rb:20:in `call'
actionpack (5.2.0) lib/action_dispatch/middleware/show_exceptions.rb:33:in `call'
railties (5.2.0) lib/rails/rack/logger.rb:38:in `call_app'
railties (5.2.0) lib/rails/rack/logger.rb:26:in `block in call'
activesupport (5.2.0) lib/active_support/tagged_logging.rb:71:in `block in tagged'
activesupport (5.2.0) lib/active_support/tagged_logging.rb:28:in `tagged'
activesupport (5.2.0) lib/active_support/tagged_logging.rb:71:in `tagged'
railties (5.2.0) lib/rails/rack/logger.rb:26:in `call'
sprockets-rails (3.2.1) lib/sprockets/rails/quiet_assets.rb:13:in `call'
actionpack (5.2.0) lib/action_dispatch/middleware/remote_ip.rb:81:in `call'
actionpack (5.2.0) lib/action_dispatch/middleware/request_id.rb:27:in `call'
rack (2.0.5) lib/rack/method_override.rb:22:in `call'
rack (2.0.5) lib/rack/runtime.rb:22:in `call'
activesupport (5.2.0) lib/active_support/cache/strategy/local_cache_middleware.rb:29:in `call'
actionpack (5.2.0) lib/action_dispatch/middleware/executor.rb:14:in `call'
actionpack (5.2.0) lib/action_dispatch/middleware/static.rb:127:in `call'
rack (2.0.5) lib/rack/sendfile.rb:111:in `call'
railties (5.2.0) lib/rails/engine.rb:524:in `call'
puma (3.11.4) lib/puma/configuration.rb:225:in `call'
puma (3.11.4) lib/puma/server.rb:632:in `handle_request'
puma (3.11.4) lib/puma/server.rb:446:in `process_client'
puma (3.11.4) lib/puma/server.rb:306:in `block in run'
puma (3.11.4) lib/puma/thread_pool.rb:120:in `block in spawn_thread'
Started GET "/" for 127.0.0.1 at 2018-06-08 12:45:40 +0200
Processing by PagesController#home as HTML
  Rendering pages/home.html.erb within layouts/application
  Rendered pages/home.html.erb within layouts/application (0.3ms)
  Rendered shared/_navbar.html.erb (1.2ms)
  Rendered shared/_flashes.html.erb (0.4ms)
Completed 200 OK in 22ms (Views: 20.7ms | ActiveRecord: 0.0ms)


Started GET "/" for 127.0.0.1 at 2018-06-08 12:47:56 +0200
Processing by PagesController#home as HTML
  Rendering pages/home.html.erb within layouts/application
  Rendered pages/home.html.erb within layouts/application (0.5ms)
  Rendered shared/_navbar.html.erb (1.1ms)
  Rendered shared/_flashes.html.erb (0.5ms)
Completed 200 OK in 28ms (Views: 26.2ms | ActiveRecord: 0.0ms)


Started GET "/" for 127.0.0.1 at 2018-06-08 12:48:04 +0200
Processing by PagesController#home as HTML
  Rendering pages/home.html.erb within layouts/application
  Rendered pages/home.html.erb within layouts/application (0.3ms)
  Rendered shared/_navbar.html.erb (0.8ms)
  Rendered shared/_flashes.html.erb (0.3ms)
Completed 200 OK in 21ms (Views: 19.5ms | ActiveRecord: 0.0ms)


Started GET "/articles" for 127.0.0.1 at 2018-06-08 12:48:06 +0200
Processing by ArticlesController#index as HTML
Completed 500 Internal Server Error in 2ms (ActiveRecord: 0.0ms)


  
NameError (uninitialized constant ArticlesController::Article):
  
app/controllers/articles_controller.rb:3:in `index'
Started GET "/articles" for 127.0.0.1 at 2018-06-08 12:48:07 +0200
Processing by ArticlesController#index as HTML
Completed 500 Internal Server Error in 2ms (ActiveRecord: 0.0ms)


  
NameError (uninitialized constant ArticlesController::Article):
  
app/controllers/articles_controller.rb:3:in `index'
Started GET "/articles" for 127.0.0.1 at 2018-06-08 12:48:10 +0200
Processing by ArticlesController#index as HTML
Completed 500 Internal Server Error in 2ms (ActiveRecord: 0.0ms)


  
NameError (uninitialized constant ArticlesController::Article):
  
app/controllers/articles_controller.rb:3:in `index'
Started GET "/articles" for 127.0.0.1 at 2018-06-08 12:48:56 +0200
Processing by ArticlesController#index as HTML
Completed 500 Internal Server Error in 3ms (ActiveRecord: 0.0ms)


  
NameError (uninitialized constant ArticlesController::Article):
  
app/controllers/articles_controller.rb:3:in `index'
Started GET "/article" for 127.0.0.1 at 2018-06-08 12:48:56 +0200
  
ActionController::RoutingError (No route matches [GET] "/article"):
  
actionpack (5.2.0) lib/action_dispatch/middleware/debug_exceptions.rb:65:in `call'
web-console (3.6.2) lib/web_console/middleware.rb:135:in `call_app'
web-console (3.6.2) lib/web_console/middleware.rb:30:in `block in call'
web-console (3.6.2) lib/web_console/middleware.rb:20:in `catch'
web-console (3.6.2) lib/web_console/middleware.rb:20:in `call'
actionpack (5.2.0) lib/action_dispatch/middleware/show_exceptions.rb:33:in `call'
railties (5.2.0) lib/rails/rack/logger.rb:38:in `call_app'
railties (5.2.0) lib/rails/rack/logger.rb:26:in `block in call'
activesupport (5.2.0) lib/active_support/tagged_logging.rb:71:in `block in tagged'
activesupport (5.2.0) lib/active_support/tagged_logging.rb:28:in `tagged'
activesupport (5.2.0) lib/active_support/tagged_logging.rb:71:in `tagged'
railties (5.2.0) lib/rails/rack/logger.rb:26:in `call'
sprockets-rails (3.2.1) lib/sprockets/rails/quiet_assets.rb:13:in `call'
actionpack (5.2.0) lib/action_dispatch/middleware/remote_ip.rb:81:in `call'
actionpack (5.2.0) lib/action_dispatch/middleware/request_id.rb:27:in `call'
rack (2.0.5) lib/rack/method_override.rb:22:in `call'
rack (2.0.5) lib/rack/runtime.rb:22:in `call'
activesupport (5.2.0) lib/active_support/cache/strategy/local_cache_middleware.rb:29:in `call'
actionpack (5.2.0) lib/action_dispatch/middleware/executor.rb:14:in `call'
actionpack (5.2.0) lib/action_dispatch/middleware/static.rb:127:in `call'
rack (2.0.5) lib/rack/sendfile.rb:111:in `call'
railties (5.2.0) lib/rails/engine.rb:524:in `call'
puma (3.11.4) lib/puma/configuration.rb:225:in `call'
puma (3.11.4) lib/puma/server.rb:632:in `handle_request'
puma (3.11.4) lib/puma/server.rb:446:in `process_client'
puma (3.11.4) lib/puma/server.rb:306:in `block in run'
puma (3.11.4) lib/puma/thread_pool.rb:120:in `block in spawn_thread'
Started GET "/articles" for 127.0.0.1 at 2018-06-08 12:49:00 +0200
Processing by ArticlesController#index as HTML
Completed 500 Internal Server Error in 1ms (ActiveRecord: 0.0ms)


  
NameError (uninitialized constant ArticlesController::Article):
  
app/controllers/articles_controller.rb:3:in `index'
Started GET "/articles" for 127.0.0.1 at 2018-06-08 12:50:33 +0200
Processing by ArticlesController#index as HTML
Completed 500 Internal Server Error in 2ms (ActiveRecord: 0.0ms)


  
NameError (uninitialized constant ArticlesController::Article):
  
app/controllers/articles_controller.rb:3:in `index'
  [1m[35m (6.7ms)[0m  [1m[34mSELECT pg_try_advisory_lock(4283434380542915535)[0m
  â†³ bin/rails:9
  [1m[35m (0.9ms)[0m  [1m[34mSELECT "schema_migrations"."version" FROM "schema_migrations" ORDER BY "schema_migrations"."version" ASC[0m
  â†³ bin/rails:9
  [1m[36mActiveRecord::InternalMetadata Load (14.5ms)[0m  [1m[34mSELECT  "ar_internal_metadata".* FROM "ar_internal_metadata" WHERE "ar_internal_metadata"."key" = $1 LIMIT $2[0m  [["key", "environment"], ["LIMIT", 1]]
  â†³ bin/rails:9
  [1m[35m (6.3ms)[0m  [1m[35mBEGIN[0m
  â†³ bin/rails:9
  [1m[35m (0.2ms)[0m  [1m[35mCOMMIT[0m
  â†³ bin/rails:9
  [1m[35m (0.3ms)[0m  [1m[34mSELECT pg_advisory_unlock(4283434380542915535)[0m
  â†³ bin/rails:9
  [1m[35m (0.3ms)[0m  [1m[34mSELECT "schema_migrations"."version" FROM "schema_migrations" ORDER BY "schema_migrations"."version" ASC[0m
  â†³ bin/rails:9
  [1m[35m (0.3ms)[0m  [1m[34mSELECT pg_try_advisory_lock(4283434380542915535)[0m
  â†³ bin/rails:9
  [1m[35m (0.7ms)[0m  [1m[34mSELECT "schema_migrations"."version" FROM "schema_migrations" ORDER BY "schema_migrations"."version" ASC[0m
  â†³ bin/rails:9
Migrating to CreateArticles (20180608105235)
  [1m[35m (0.2ms)[0m  [1m[35mBEGIN[0m
  â†³ bin/rails:9
  [1m[35m (27.3ms)[0m  [1m[35mCREATE TABLE "articles" ("id" bigserial primary key, "title" character varying, "content" text, "star" integer, "created_at" timestamp NOT NULL, "updated_at" timestamp NOT NULL)[0m
  â†³ db/migrate/20180608105235_create_articles.rb:3
  [1m[36mActiveRecord::SchemaMigration Create (3.6ms)[0m  [1m[32mINSERT INTO "schema_migrations" ("version") VALUES ($1) RETURNING "version"[0m  [["version", "20180608105235"]]
  â†³ bin/rails:9
  [1m[35m (0.5ms)[0m  [1m[35mCOMMIT[0m
  â†³ bin/rails:9
  [1m[36mActiveRecord::InternalMetadata Load (0.3ms)[0m  [1m[34mSELECT  "ar_internal_metadata".* FROM "ar_internal_metadata" WHERE "ar_internal_metadata"."key" = $1 LIMIT $2[0m  [["key", "environment"], ["LIMIT", 1]]
  â†³ bin/rails:9
  [1m[35m (0.1ms)[0m  [1m[35mBEGIN[0m
  â†³ bin/rails:9
  [1m[35m (0.1ms)[0m  [1m[35mCOMMIT[0m
  â†³ bin/rails:9
  [1m[35m (0.2ms)[0m  [1m[34mSELECT pg_advisory_unlock(4283434380542915535)[0m
  â†³ bin/rails:9
  [1m[35m (0.2ms)[0m  [1m[34mSELECT "schema_migrations"."version" FROM "schema_migrations" ORDER BY "schema_migrations"."version" ASC[0m
  â†³ bin/rails:9
Started GET "/articles" for 127.0.0.1 at 2018-06-08 12:53:00 +0200
  [1m[35m (1.0ms)[0m  [1m[34mSELECT "schema_migrations"."version" FROM "schema_migrations" ORDER BY "schema_migrations"."version" ASC[0m
  â†³ /Users/lucasduval/.rbenv/versions/2.5.1/lib/ruby/gems/2.5.0/gems/activerecord-5.2.0/lib/active_record/log_subscriber.rb:98
Processing by ArticlesController#index as HTML
  Rendering articles/index.html.erb within layouts/application
  [1m[36mArticle Load (0.9ms)[0m  [1m[34mSELECT "articles".* FROM "articles"[0m
  â†³ app/views/articles/index.html.erb:2
  Rendered articles/index.html.erb within layouts/application (256.2ms)
Completed 500 Internal Server Error in 264ms (ActiveRecord: 5.0ms)


  
ActionView::Template::Error (undefined local variable or method `article' for #<#<Class:0x00007f85b6a36950>:0x00007f85b6a34f10>
Did you mean?  @articles):
    22: 
    23: <%= link_to "New article", new_article_path, class: "btn btn-primary" %>
    24: 
    25: <%= link_to article_path(article.id) do %>
    26: <div class="shadow bg-white rounded p-4 d-flex justify-content-between mb-4">
    27: <h2><%= article.title %> - <%= "â­" * article.stars %></h2>
    28: <p><b><%= article.created_at.strftime("%D") %></b></p>
  
app/views/articles/index.html.erb:25:in `_app_views_articles_index_html_erb___2337116952217231061_70106135771340'
Started GET "/articles" for 127.0.0.1 at 2018-06-08 12:53:05 +0200
Processing by ArticlesController#index as HTML
  Rendering articles/index.html.erb within layouts/application
  [1m[36mArticle Load (0.3ms)[0m  [1m[34mSELECT "articles".* FROM "articles"[0m
  â†³ app/views/articles/index.html.erb:2
  Rendered articles/index.html.erb within layouts/application (276.4ms)
Completed 500 Internal Server Error in 282ms (ActiveRecord: 0.3ms)


  
ActionView::Template::Error (undefined local variable or method `article' for #<#<Class:0x00007f85b6a36950>:0x00007f85bb7e2fc8>
Did you mean?  @articles):
    22: 
    23: <%= link_to "New article", new_article_path, class: "btn btn-primary" %>
    24: 
    25: <%= link_to article_path(article.id) do %>
    26: <div class="shadow bg-white rounded p-4 d-flex justify-content-between mb-4">
    27: <h2><%= article.title %> - <%= "â­" * article.stars %></h2>
    28: <p><b><%= article.created_at.strftime("%D") %></b></p>
  
app/views/articles/index.html.erb:25:in `_app_views_articles_index_html_erb___2337116952217231061_70106176494700'
Started GET "/articles" for 127.0.0.1 at 2018-06-08 12:55:45 +0200
Processing by ArticlesController#index as HTML
  Rendering articles/index.html.erb within layouts/application
  [1m[36mArticle Load (0.4ms)[0m  [1m[34mSELECT "articles".* FROM "articles"[0m
  â†³ app/views/articles/index.html.erb:2
  Rendered articles/index.html.erb within layouts/application (233.7ms)
Completed 500 Internal Server Error in 241ms (ActiveRecord: 0.4ms)


  
ActionView::Template::Error (undefined local variable or method `articles' for #<#<Class:0x00007f85b6a36950>:0x00007f85b5a338a0>
Did you mean?  @articles):
    22: 
    23: <%= link_to "New article", new_article_path, class: "btn btn-primary" %>
    24: 
    25: <%= link_to article_path(articles.id) do %>
    26: <div class="shadow bg-white rounded p-4 d-flex justify-content-between mb-4">
    27: <h2><%= article.title %> - <%= "â­" * article.stars %></h2>
    28: <p><b><%= article.created_at.strftime("%D") %></b></p>
  
app/views/articles/index.html.erb:25:in `_app_views_articles_index_html_erb___2337116952217231061_70106127385260'
Started GET "/articles" for 127.0.0.1 at 2018-06-08 12:56:03 +0200
Processing by ArticlesController#index as HTML
  Rendering articles/index.html.erb within layouts/application
  [1m[36mArticle Load (0.3ms)[0m  [1m[34mSELECT "articles".* FROM "articles"[0m
  â†³ app/views/articles/index.html.erb:2
  Rendered articles/index.html.erb within layouts/application (5.2ms)
Completed 500 Internal Server Error in 11ms (ActiveRecord: 0.3ms)


  
ActionView::Template::Error (undefined method `id' for #<ActiveRecord::Relation []>
Did you mean?  ids):
    22: 
    23: <%= link_to "New article", new_article_path, class: "btn btn-primary" %>
    24: 
    25: <%= link_to article_path(@articles.id) do %>
    26: <div class="shadow bg-white rounded p-4 d-flex justify-content-between mb-4">
    27: <h2><%= article.title %> - <%= "â­" * article.stars %></h2>
    28: <p><b><%= article.created_at.strftime("%D") %></b></p>
  
app/views/articles/index.html.erb:25:in `_app_views_articles_index_html_erb___2337116952217231061_70106136022360'
Started GET "/articles" for 127.0.0.1 at 2018-06-08 12:56:35 +0200
Processing by ArticlesController#index as HTML
  Rendering articles/index.html.erb within layouts/application
  [1m[36mArticle Load (0.4ms)[0m  [1m[34mSELECT "articles".* FROM "articles"[0m
  â†³ app/views/articles/index.html.erb:2
  Rendered articles/index.html.erb within layouts/application (5.7ms)
Completed 500 Internal Server Error in 12ms (ActiveRecord: 0.4ms)


  
ActionView::Template::Error (undefined method `id' for #<ActiveRecord::Relation []>
Did you mean?  ids):
    22: 
    23: <%= link_to "New article", new_article_path, class: "btn btn-primary" %>
    24: 
    25: <!-- <%= link_to article_path(@articles.id) do %>
    26: <div class="shadow bg-white rounded p-4 d-flex justify-content-between mb-4">
    27: <h2><%= article.title %> - <%= "â­" * article.stars %></h2>
    28: <p><b><%= article.created_at.strftime("%D") %></b></p>
  
app/views/articles/index.html.erb:25:in `_app_views_articles_index_html_erb___2337116952217231061_70106175458720'
Started GET "/articles" for 127.0.0.1 at 2018-06-08 12:56:50 +0200
Processing by ArticlesController#index as HTML
  Rendering articles/index.html.erb within layouts/application
  [1m[36mArticle Load (0.3ms)[0m  [1m[34mSELECT "articles".* FROM "articles"[0m
  â†³ app/views/articles/index.html.erb:2
  Rendered articles/index.html.erb within layouts/application (1.2ms)
  Rendered shared/_navbar.html.erb (1.0ms)
  Rendered shared/_flashes.html.erb (0.5ms)
Completed 200 OK in 25ms (Views: 23.9ms | ActiveRecord: 0.3ms)


Started GET "/articles" for 127.0.0.1 at 2018-06-08 12:56:59 +0200
Processing by ArticlesController#index as HTML
  Rendering articles/index.html.erb within layouts/application
  [1m[36mArticle Load (0.3ms)[0m  [1m[34mSELECT "articles".* FROM "articles"[0m
  â†³ app/views/articles/index.html.erb:2
  Rendered articles/index.html.erb within layouts/application (4.1ms)
Completed 500 Internal Server Error in 10ms (ActiveRecord: 0.3ms)


  
ActionView::Template::Error (undefined method `id' for #<ActiveRecord::Relation []>
Did you mean?  ids):
    22: 
    23: <%= link_to "New article", new_article_path, class: "btn btn-primary" %>
    24: 
    25: <!-- <%= link_to article_path(@articles.id) do %>
    26: <div class="shadow bg-white rounded p-4 d-flex justify-content-between mb-4">
    27: <h2><%= article.title %> - <%= "â­" * article.stars %></h2>
    28: <p><b><%= article.created_at.strftime("%D") %></b></p>
  
app/views/articles/index.html.erb:25:in `_app_views_articles_index_html_erb___2337116952217231061_70106184959020'
Started GET "/articles" for 127.0.0.1 at 2018-06-08 12:57:04 +0200
Processing by ArticlesController#index as HTML
  Rendering articles/index.html.erb within layouts/application
  [1m[36mArticle Load (0.9ms)[0m  [1m[34mSELECT "articles".* FROM "articles"[0m
  â†³ app/views/articles/index.html.erb:2
  Rendered articles/index.html.erb within layouts/application (2.8ms)
  Rendered shared/_navbar.html.erb (0.9ms)
  Rendered shared/_flashes.html.erb (0.3ms)
Completed 200 OK in 23ms (Views: 20.7ms | ActiveRecord: 0.9ms)


Started GET "/articles/new" for 127.0.0.1 at 2018-06-08 12:57:06 +0200
Processing by ArticlesController#new as HTML
  Rendering articles/new.html.erb within layouts/application
  Rendered articles/new.html.erb within layouts/application (94.9ms)
Completed 500 Internal Server Error in 110ms (ActiveRecord: 3.8ms)


  
ActionView::Template::Error (undefined method `stars' for #<Article:0x00007f85b65119e8>
Did you mean?  star
               star?
               star=):
    1: <h1>Create a New article</h1>
    2: <%= simple_form_for @article do |f| %>
    3: <%= f.input :title %>
    4: <%= f.input :stars, collection: 0..5 %>
    5: <%= f.input :content %>
    6: <%= f.button :submit %>
    7: <% end %>
  
app/views/articles/new.html.erb:4:in `block in _app_views_articles_new_html_erb___800878569721520470_70106154344680'
app/views/articles/new.html.erb:2:in `_app_views_articles_new_html_erb___800878569721520470_70106154344680'
Started GET "/articles/new" for 127.0.0.1 at 2018-06-08 12:58:18 +0200
Processing by ArticlesController#new as HTML
  Rendering articles/new.html.erb within layouts/application
  Rendered articles/new.html.erb within layouts/application (33.4ms)
  Rendered shared/_navbar.html.erb (1.0ms)
  Rendered shared/_flashes.html.erb (0.4ms)
Completed 200 OK in 65ms (Views: 63.7ms | ActiveRecord: 0.0ms)


Started GET "/articles/new" for 127.0.0.1 at 2018-06-08 12:58:31 +0200
Processing by ArticlesController#new as HTML
  Rendering articles/new.html.erb within layouts/application
  Rendered articles/new.html.erb within layouts/application (7.3ms)
  Rendered shared/_navbar.html.erb (0.9ms)
  Rendered shared/_flashes.html.erb (0.5ms)
Completed 200 OK in 28ms (Views: 26.4ms | ActiveRecord: 0.0ms)


Started GET "/" for 127.0.0.1 at 2018-06-08 12:58:35 +0200
Processing by PagesController#home as HTML
  Rendering pages/home.html.erb within layouts/application
  Rendered pages/home.html.erb within layouts/application (0.4ms)
  Rendered shared/_navbar.html.erb (0.9ms)
  Rendered shared/_flashes.html.erb (0.3ms)
Completed 200 OK in 22ms (Views: 20.3ms | ActiveRecord: 0.0ms)


Started GET "/" for 127.0.0.1 at 2018-06-08 12:58:39 +0200
Processing by PagesController#home as HTML
  Rendering pages/home.html.erb within layouts/application
  Rendered pages/home.html.erb within layouts/application (0.3ms)
  Rendered shared/_navbar.html.erb (0.8ms)
  Rendered shared/_flashes.html.erb (0.3ms)
Completed 200 OK in 19ms (Views: 17.8ms | ActiveRecord: 0.0ms)


Started GET "/article" for 127.0.0.1 at 2018-06-08 12:58:39 +0200
  
ActionController::RoutingError (No route matches [GET] "/article"):
  
actionpack (5.2.0) lib/action_dispatch/middleware/debug_exceptions.rb:65:in `call'
web-console (3.6.2) lib/web_console/middleware.rb:135:in `call_app'
web-console (3.6.2) lib/web_console/middleware.rb:30:in `block in call'
web-console (3.6.2) lib/web_console/middleware.rb:20:in `catch'
web-console (3.6.2) lib/web_console/middleware.rb:20:in `call'
actionpack (5.2.0) lib/action_dispatch/middleware/show_exceptions.rb:33:in `call'
railties (5.2.0) lib/rails/rack/logger.rb:38:in `call_app'
railties (5.2.0) lib/rails/rack/logger.rb:26:in `block in call'
activesupport (5.2.0) lib/active_support/tagged_logging.rb:71:in `block in tagged'
activesupport (5.2.0) lib/active_support/tagged_logging.rb:28:in `tagged'
activesupport (5.2.0) lib/active_support/tagged_logging.rb:71:in `tagged'
railties (5.2.0) lib/rails/rack/logger.rb:26:in `call'
sprockets-rails (3.2.1) lib/sprockets/rails/quiet_assets.rb:13:in `call'
actionpack (5.2.0) lib/action_dispatch/middleware/remote_ip.rb:81:in `call'
actionpack (5.2.0) lib/action_dispatch/middleware/request_id.rb:27:in `call'
rack (2.0.5) lib/rack/method_override.rb:22:in `call'
rack (2.0.5) lib/rack/runtime.rb:22:in `call'
activesupport (5.2.0) lib/active_support/cache/strategy/local_cache_middleware.rb:29:in `call'
actionpack (5.2.0) lib/action_dispatch/middleware/executor.rb:14:in `call'
actionpack (5.2.0) lib/action_dispatch/middleware/static.rb:127:in `call'
rack (2.0.5) lib/rack/sendfile.rb:111:in `call'
railties (5.2.0) lib/rails/engine.rb:524:in `call'
puma (3.11.4) lib/puma/configuration.rb:225:in `call'
puma (3.11.4) lib/puma/server.rb:632:in `handle_request'
puma (3.11.4) lib/puma/server.rb:446:in `process_client'
puma (3.11.4) lib/puma/server.rb:306:in `block in run'
puma (3.11.4) lib/puma/thread_pool.rb:120:in `block in spawn_thread'
Started GET "/articles" for 127.0.0.1 at 2018-06-08 12:58:41 +0200
Processing by ArticlesController#index as HTML
  Rendering articles/index.html.erb within layouts/application
  [1m[36mArticle Load (0.3ms)[0m  [1m[34mSELECT "articles".* FROM "articles"[0m
  â†³ app/views/articles/index.html.erb:2
  Rendered articles/index.html.erb within layouts/application (1.2ms)
  Rendered shared/_navbar.html.erb (0.9ms)
  Rendered shared/_flashes.html.erb (0.3ms)
Completed 200 OK in 19ms (Views: 17.6ms | ActiveRecord: 0.3ms)


Started GET "/articles" for 127.0.0.1 at 2018-06-08 12:58:42 +0200
Processing by ArticlesController#index as HTML
  Rendering articles/index.html.erb within layouts/application
  [1m[36mArticle Load (0.3ms)[0m  [1m[34mSELECT "articles".* FROM "articles"[0m
  â†³ app/views/articles/index.html.erb:2
  Rendered articles/index.html.erb within layouts/application (1.3ms)
  Rendered shared/_navbar.html.erb (1.1ms)
  Rendered shared/_flashes.html.erb (0.5ms)
Completed 200 OK in 24ms (Views: 22.1ms | ActiveRecord: 0.3ms)


Started GET "/articles/new" for 127.0.0.1 at 2018-06-08 12:58:43 +0200
Processing by ArticlesController#new as HTML
  Rendering articles/new.html.erb within layouts/application
  Rendered articles/new.html.erb within layouts/application (6.1ms)
  Rendered shared/_navbar.html.erb (0.8ms)
  Rendered shared/_flashes.html.erb (0.3ms)
Completed 200 OK in 29ms (Views: 27.1ms | ActiveRecord: 0.0ms)


Started POST "/articles" for 127.0.0.1 at 2018-06-08 12:58:50 +0200
Processing by ArticlesController#create as HTML
  Parameters: {"utf8"=>"âœ“", "authenticity_token"=>"RWVL9ORKTRBmZjraKaf19+/J01a5RTokSMy24Cw3MwAVD6IQmSXMOD+xH8V5igxUAb8C+LkWoAbFKSHmguoL2Q==", "article"=>{"title"=>"dede", "star"=>"2", "content"=>"fezfezfez"}, "commit"=>"Create Article"}
Unpermitted parameter: :star
  [1m[35m (0.2ms)[0m  [1m[35mBEGIN[0m
  â†³ app/controllers/articles_controller.rb:16
  [1m[36mArticle Create (1.7ms)[0m  [1m[32mINSERT INTO "articles" ("title", "content", "created_at", "updated_at") VALUES ($1, $2, $3, $4) RETURNING "id"[0m  [["title", "dede"], ["content", "fezfezfez"], ["created_at", "2018-06-08 10:58:50.102891"], ["updated_at", "2018-06-08 10:58:50.102891"]]
  â†³ app/controllers/articles_controller.rb:16
  [1m[35m (0.5ms)[0m  [1m[35mCOMMIT[0m
  â†³ app/controllers/articles_controller.rb:16
Redirected to http://localhost:3000/articles
Completed 302 Found in 6ms (ActiveRecord: 2.4ms)


Started GET "/articles" for 127.0.0.1 at 2018-06-08 12:58:50 +0200
Processing by ArticlesController#index as HTML
  Rendering articles/index.html.erb within layouts/application
  [1m[36mArticle Load (0.6ms)[0m  [1m[34mSELECT "articles".* FROM "articles"[0m
  â†³ app/views/articles/index.html.erb:2
  Rendered articles/index.html.erb within layouts/application (5.8ms)
Completed 500 Internal Server Error in 14ms (ActiveRecord: 0.6ms)


  
ActionView::Template::Error (no implicit conversion from nil to integer):
    1: <h1>Mon blog</h1>
    2: <% @articles.each do |article| %>
    3: <h2><%= article.title %> - <%= "*" * article.star %></h2>
    4: <p><b><%= article.created_at %></b></p>
    5: <% end %>
    6: 
  
app/views/articles/index.html.erb:3:in `*'
app/views/articles/index.html.erb:3:in `block in _app_views_articles_index_html_erb___2337116952217231061_70106172464760'
app/views/articles/index.html.erb:2:in `_app_views_articles_index_html_erb___2337116952217231061_70106172464760'
Started GET "/articles" for 127.0.0.1 at 2018-06-09 15:11:35 +0200
Processing by ArticlesController#index as HTML
  Rendering articles/index.html.erb within layouts/application
  [1m[36mArticle Load (0.8ms)[0m  [1m[34mSELECT "articles".* FROM "articles"[0m
  â†³ app/views/articles/index.html.erb:2
  Rendered articles/index.html.erb within layouts/application (12.1ms)
Completed 500 Internal Server Error in 26ms (ActiveRecord: 0.8ms)


  
ActionView::Template::Error (no implicit conversion from nil to integer):
    1: <h1>Mon blog</h1>
    2: <% @articles.each do |article| %>
    3: <h2><%= article.title %> - <%= "*" * article.star %></h2>
    4: <p><b><%= article.created_at %></b></p>
    5: <% end %>
    6: 
  
app/views/articles/index.html.erb:3:in `*'
app/views/articles/index.html.erb:3:in `block in _app_views_articles_index_html_erb___2337116952217231061_70106177192940'
app/views/articles/index.html.erb:2:in `_app_views_articles_index_html_erb___2337116952217231061_70106177192940'
Started GET "/articles" for 127.0.0.1 at 2018-06-09 15:21:04 +0200
  [1m[35m (0.7ms)[0m  [1m[34mSELECT "schema_migrations"."version" FROM "schema_migrations" ORDER BY "schema_migrations"."version" ASC[0m
  â†³ /Users/lucasduval/.rbenv/versions/2.5.1/lib/ruby/gems/2.5.0/gems/activerecord-5.2.0/lib/active_record/log_subscriber.rb:98
Processing by ArticlesController#index as HTML
  Rendering articles/index.html.erb within layouts/application
  [1m[36mArticle Load (0.6ms)[0m  [1m[34mSELECT "articles".* FROM "articles"[0m
  â†³ app/views/articles/index.html.erb:2
  Rendered articles/index.html.erb within layouts/application (21.6ms)
Completed 500 Internal Server Error in 31ms (ActiveRecord: 6.6ms)


  
ActionView::Template::Error (no implicit conversion from nil to integer):
    1: <h1>Mon blog</h1>
    2: <% @articles.each do |article| %>
    3: <h2><%= article.title %> - <%= "*" * article.star %></h2>
    4: <p><b><%= article.created_at %></b></p>
    5: <% end %>
    6: 
  
app/views/articles/index.html.erb:3:in `*'
app/views/articles/index.html.erb:3:in `block in _app_views_articles_index_html_erb__442672194944037990_70326438069700'
app/views/articles/index.html.erb:2:in `_app_views_articles_index_html_erb__442672194944037990_70326438069700'
Started GET "/articles" for 127.0.0.1 at 2018-06-09 15:21:12 +0200
Processing by ArticlesController#index as HTML
  Rendering articles/index.html.erb within layouts/application
  [1m[36mArticle Load (0.4ms)[0m  [1m[34mSELECT "articles".* FROM "articles"[0m
  â†³ app/views/articles/index.html.erb:2
  Rendered articles/index.html.erb within layouts/application (3.3ms)
Completed 500 Internal Server Error in 10ms (ActiveRecord: 0.4ms)


  
ActionView::Template::Error (no implicit conversion from nil to integer):
    1: <h1>Mon blog</h1>
    2: <% @articles.each do |article| %>
    3: <h2><%= article.title %> - <%= "*" * article.star %></h2>
    4: <p><b><%= article.created_at %></b></p>
    5: <% end %>
    6: 
  
app/views/articles/index.html.erb:3:in `*'
app/views/articles/index.html.erb:3:in `block in _app_views_articles_index_html_erb__442672194944037990_70326410035940'
app/views/articles/index.html.erb:2:in `_app_views_articles_index_html_erb__442672194944037990_70326410035940'
Started GET "/" for 127.0.0.1 at 2018-06-09 15:21:13 +0200
Processing by PagesController#home as HTML
  Rendering pages/home.html.erb within layouts/application
  Rendered pages/home.html.erb within layouts/application (0.3ms)
  Rendered shared/_navbar.html.erb (9.8ms)
  Rendered shared/_flashes.html.erb (0.5ms)
Completed 200 OK in 280ms (Views: 278.8ms | ActiveRecord: 0.0ms)


Started GET "/users/sign_in" for 127.0.0.1 at 2018-06-09 15:21:16 +0200
Processing by Devise::SessionsController#new as HTML
  Rendering devise/sessions/new.html.erb within layouts/application
  Rendered devise/shared/_links.html.erb (1.0ms)
  Rendered devise/sessions/new.html.erb within layouts/application (37.2ms)
  Rendered shared/_navbar.html.erb (0.9ms)
  Rendered shared/_flashes.html.erb (0.3ms)
Completed 200 OK in 87ms (Views: 70.8ms | ActiveRecord: 4.1ms)


Started GET "/users/sign_up" for 127.0.0.1 at 2018-06-09 15:21:19 +0200
Processing by Devise::RegistrationsController#new as HTML
  Rendering devise/registrations/new.html.erb within layouts/application
  Rendered devise/shared/_links.html.erb (0.8ms)
  Rendered devise/registrations/new.html.erb within layouts/application (12.0ms)
  Rendered shared/_navbar.html.erb (0.8ms)
  Rendered shared/_flashes.html.erb (0.4ms)
Completed 200 OK in 60ms (Views: 58.7ms | ActiveRecord: 0.0ms)


Started POST "/users" for 127.0.0.1 at 2018-06-09 15:21:45 +0200
Processing by Devise::RegistrationsController#create as HTML
  Parameters: {"utf8"=>"âœ“", "authenticity_token"=>"YyoaTexX/qDU5/xbHi32MueqT0EebB2EFGTA1BLBQ1czQPOpkTh/iI0w2UROAA+RCdye7x4/h6aZgVfSvBx7jg==", "user"=>{"email"=>"lucasduval2210@gmail.com", "password"=>"[FILTERED]", "password_confirmation"=>"[FILTERED]"}, "commit"=>"Sign up"}
  [1m[35m (0.1ms)[0m  [1m[35mBEGIN[0m
  â†³ /Users/lucasduval/.rbenv/versions/2.5.1/lib/ruby/gems/2.5.0/gems/activerecord-5.2.0/lib/active_record/log_subscriber.rb:98
  [1m[36mUser Exists (1.8ms)[0m  [1m[34mSELECT  1 AS one FROM "users" WHERE "users"."email" = $1 LIMIT $2[0m  [["email", "lucasduval2210@gmail.com"], ["LIMIT", 1]]
  â†³ /Users/lucasduval/.rbenv/versions/2.5.1/lib/ruby/gems/2.5.0/gems/activerecord-5.2.0/lib/active_record/log_subscriber.rb:98
  [1m[36mUser Create (1.9ms)[0m  [1m[32mINSERT INTO "users" ("email", "encrypted_password", "created_at", "updated_at") VALUES ($1, $2, $3, $4) RETURNING "id"[0m  [["email", "lucasduval2210@gmail.com"], ["encrypted_password", "$2a$11$IFof9WR2SW8MtmfNs3nEveCrnqbyo.DiutolZ155KGsQ.jZ7mZ1FO"], ["created_at", "2018-06-09 13:21:45.835109"], ["updated_at", "2018-06-09 13:21:45.835109"]]
  â†³ /Users/lucasduval/.rbenv/versions/2.5.1/lib/ruby/gems/2.5.0/gems/activerecord-5.2.0/lib/active_record/log_subscriber.rb:98
  [1m[35m (0.9ms)[0m  [1m[35mCOMMIT[0m
  â†³ /Users/lucasduval/.rbenv/versions/2.5.1/lib/ruby/gems/2.5.0/gems/activerecord-5.2.0/lib/active_record/log_subscriber.rb:98
  [1m[35m (0.1ms)[0m  [1m[35mBEGIN[0m
  â†³ /Users/lucasduval/.rbenv/versions/2.5.1/lib/ruby/gems/2.5.0/gems/activerecord-5.2.0/lib/active_record/log_subscriber.rb:98
  [1m[36mUser Update (2.0ms)[0m  [1m[33mUPDATE "users" SET "sign_in_count" = $1, "current_sign_in_at" = $2, "last_sign_in_at" = $3, "current_sign_in_ip" = $4, "last_sign_in_ip" = $5, "updated_at" = $6 WHERE "users"."id" = $7[0m  [["sign_in_count", 1], ["current_sign_in_at", "2018-06-09 13:21:45.840281"], ["last_sign_in_at", "2018-06-09 13:21:45.840281"], ["current_sign_in_ip", "127.0.0.1/32"], ["last_sign_in_ip", "127.0.0.1/32"], ["updated_at", "2018-06-09 13:21:45.840966"], ["id", 1]]
  â†³ /Users/lucasduval/.rbenv/versions/2.5.1/lib/ruby/gems/2.5.0/gems/activerecord-5.2.0/lib/active_record/log_subscriber.rb:98
  [1m[35m (0.3ms)[0m  [1m[35mCOMMIT[0m
  â†³ /Users/lucasduval/.rbenv/versions/2.5.1/lib/ruby/gems/2.5.0/gems/activerecord-5.2.0/lib/active_record/log_subscriber.rb:98
Redirected to http://localhost:3000/
Completed 302 Found in 148ms (ActiveRecord: 7.2ms)


Started GET "/" for 127.0.0.1 at 2018-06-09 15:21:45 +0200
Processing by PagesController#home as HTML
  Rendering pages/home.html.erb within layouts/application
  Rendered pages/home.html.erb within layouts/application (0.4ms)
  [1m[36mUser Load (2.7ms)[0m  [1m[34mSELECT  "users".* FROM "users" WHERE "users"."id" = $1 ORDER BY "users"."id" ASC LIMIT $2[0m  [["id", 1], ["LIMIT", 1]]
  â†³ app/views/shared/_navbar.html.erb:3
  Rendered shared/_navbar.html.erb (5.6ms)
  Rendered shared/_flashes.html.erb (0.3ms)
Completed 200 OK in 28ms (Views: 24.5ms | ActiveRecord: 2.7ms)


Started DELETE "/users/sign_out" for 127.0.0.1 at 2018-06-09 15:21:49 +0200
Processing by Devise::SessionsController#destroy as HTML
  Parameters: {"authenticity_token"=>"AL6o/HfxZyeCk+oLIUJAXklaWsmK8Gv72saRnci1XhpQ1EEYCp7mD9tEzxRxb7n9pyyLZ4qj8dlXIwabZmhmww=="}
  [1m[36mUser Load (0.4ms)[0m  [1m[34mSELECT  "users".* FROM "users" WHERE "users"."id" = $1 ORDER BY "users"."id" ASC LIMIT $2[0m  [["id", 1], ["LIMIT", 1]]
  â†³ /Users/lucasduval/.rbenv/versions/2.5.1/lib/ruby/gems/2.5.0/gems/activerecord-5.2.0/lib/active_record/log_subscriber.rb:98
  [1m[35m (0.2ms)[0m  [1m[35mBEGIN[0m
  â†³ /Users/lucasduval/.rbenv/versions/2.5.1/lib/ruby/gems/2.5.0/gems/activerecord-5.2.0/lib/active_record/log_subscriber.rb:98
  [1m[35m (0.2ms)[0m  [1m[35mCOMMIT[0m
  â†³ /Users/lucasduval/.rbenv/versions/2.5.1/lib/ruby/gems/2.5.0/gems/activerecord-5.2.0/lib/active_record/log_subscriber.rb:98
Redirected to http://localhost:3000/
Completed 302 Found in 9ms (ActiveRecord: 0.7ms)


Started GET "/" for 127.0.0.1 at 2018-06-09 15:21:49 +0200
Processing by PagesController#home as HTML
  Rendering pages/home.html.erb within layouts/application
  Rendered pages/home.html.erb within layouts/application (0.3ms)
  Rendered shared/_navbar.html.erb (0.9ms)
  Rendered shared/_flashes.html.erb (0.3ms)
Completed 200 OK in 21ms (Views: 19.7ms | ActiveRecord: 0.0ms)


Started GET "/users/sign_in" for 127.0.0.1 at 2018-06-09 15:21:49 +0200
Processing by Devise::SessionsController#new as HTML
  Rendering devise/sessions/new.html.erb within layouts/application
  Rendered devise/shared/_links.html.erb (0.9ms)
  Rendered devise/sessions/new.html.erb within layouts/application (9.7ms)
  Rendered shared/_navbar.html.erb (1.0ms)
  Rendered shared/_flashes.html.erb (0.3ms)
Completed 200 OK in 41ms (Views: 40.2ms | ActiveRecord: 0.0ms)


Started POST "/users/sign_in" for 127.0.0.1 at 2018-06-09 15:21:54 +0200
Processing by Devise::SessionsController#create as HTML
  Parameters: {"utf8"=>"âœ“", "authenticity_token"=>"lk9u0xCuFbhQef8Hkv7AXh2MmwuRI+xu+GhMjs+LxgI+Js1wPGH/rEoYn9JKgVyiqJjkWHNl0gsz4UN/ZAqEVQ==", "user"=>{"email"=>"essai", "password"=>"[FILTERED]", "remember_me"=>"0"}, "commit"=>"Log in"}
  [1m[36mUser Load (0.5ms)[0m  [1m[34mSELECT  "users".* FROM "users" WHERE "users"."email" = $1 ORDER BY "users"."id" ASC LIMIT $2[0m  [["email", "essai"], ["LIMIT", 1]]
  â†³ /Users/lucasduval/.rbenv/versions/2.5.1/lib/ruby/gems/2.5.0/gems/activerecord-5.2.0/lib/active_record/log_subscriber.rb:98
Completed 401 Unauthorized in 4ms (ActiveRecord: 0.5ms)


Processing by Devise::SessionsController#new as HTML
  Parameters: {"utf8"=>"âœ“", "authenticity_token"=>"lk9u0xCuFbhQef8Hkv7AXh2MmwuRI+xu+GhMjs+LxgI+Js1wPGH/rEoYn9JKgVyiqJjkWHNl0gsz4UN/ZAqEVQ==", "user"=>{"email"=>"essai", "password"=>"[FILTERED]", "remember_me"=>"0"}, "commit"=>"Log in"}
  Rendering devise/sessions/new.html.erb within layouts/application
  Rendered devise/shared/_links.html.erb (1.0ms)
  Rendered devise/sessions/new.html.erb within layouts/application (10.3ms)
  Rendered shared/_navbar.html.erb (0.9ms)
  Rendered shared/_flashes.html.erb (0.4ms)
Completed 200 OK in 153ms (Views: 33.6ms | ActiveRecord: 0.0ms)


Started POST "/users/sign_in" for 127.0.0.1 at 2018-06-09 15:22:03 +0200
Processing by Devise::SessionsController#create as HTML
  Parameters: {"utf8"=>"âœ“", "authenticity_token"=>"bTGT6i53iiVATI499xW4YtNX3yw/OJLsf/eHIZkPyT3FWDBJArhgMVot7ugvaiSeZkOgf91+rIm0fojQMo6Lag==", "user"=>{"email"=>"lucasduval2210@gmail.com", "password"=>"[FILTERED]", "remember_me"=>"0"}, "commit"=>"Log in"}
  [1m[36mUser Load (0.4ms)[0m  [1m[34mSELECT  "users".* FROM "users" WHERE "users"."email" = $1 ORDER BY "users"."id" ASC LIMIT $2[0m  [["email", "lucasduval2210@gmail.com"], ["LIMIT", 1]]
  â†³ /Users/lucasduval/.rbenv/versions/2.5.1/lib/ruby/gems/2.5.0/gems/activerecord-5.2.0/lib/active_record/log_subscriber.rb:98
  [1m[35m (0.2ms)[0m  [1m[35mBEGIN[0m
  â†³ /Users/lucasduval/.rbenv/versions/2.5.1/lib/ruby/gems/2.5.0/gems/activerecord-5.2.0/lib/active_record/log_subscriber.rb:98
  [1m[36mUser Update (0.4ms)[0m  [1m[33mUPDATE "users" SET "current_sign_in_at" = $1, "sign_in_count" = $2, "updated_at" = $3 WHERE "users"."id" = $4[0m  [["current_sign_in_at", "2018-06-09 13:22:03.275349"], ["sign_in_count", 2], ["updated_at", "2018-06-09 13:22:03.276137"], ["id", 1]]
  â†³ /Users/lucasduval/.rbenv/versions/2.5.1/lib/ruby/gems/2.5.0/gems/activerecord-5.2.0/lib/active_record/log_subscriber.rb:98
  [1m[35m (1.9ms)[0m  [1m[35mCOMMIT[0m
  â†³ /Users/lucasduval/.rbenv/versions/2.5.1/lib/ruby/gems/2.5.0/gems/activerecord-5.2.0/lib/active_record/log_subscriber.rb:98
Redirected to http://localhost:3000/
Completed 302 Found in 124ms (ActiveRecord: 2.9ms)


Started GET "/" for 127.0.0.1 at 2018-06-09 15:22:03 +0200
Processing by PagesController#home as HTML
  Rendering pages/home.html.erb within layouts/application
  Rendered pages/home.html.erb within layouts/application (0.2ms)
  [1m[36mUser Load (0.4ms)[0m  [1m[34mSELECT  "users".* FROM "users" WHERE "users"."id" = $1 ORDER BY "users"."id" ASC LIMIT $2[0m  [["id", 1], ["LIMIT", 1]]
  â†³ app/views/shared/_navbar.html.erb:3
  Rendered shared/_navbar.html.erb (2.8ms)
  Rendered shared/_flashes.html.erb (0.3ms)
Completed 200 OK in 25ms (Views: 23.4ms | ActiveRecord: 0.4ms)


Started GET "/" for 127.0.0.1 at 2018-06-09 15:24:15 +0200
Processing by PagesController#home as HTML
  Rendering pages/home.html.erb within layouts/application
  Rendered pages/home.html.erb within layouts/application (0.3ms)
  [1m[36mUser Load (0.4ms)[0m  [1m[34mSELECT  "users".* FROM "users" WHERE "users"."id" = $1 ORDER BY "users"."id" ASC LIMIT $2[0m  [["id", 1], ["LIMIT", 1]]
  â†³ app/views/shared/_navbar.html.erb:3
  Rendered shared/_navbar.html.erb (2.5ms)
  Rendered shared/_flashes.html.erb (0.5ms)
Completed 200 OK in 26ms (Views: 24.3ms | ActiveRecord: 0.4ms)


Started GET "/home" for 127.0.0.1 at 2018-06-09 15:24:30 +0200
  
ActionController::RoutingError (No route matches [GET] "/home"):
  
actionpack (5.2.0) lib/action_dispatch/middleware/debug_exceptions.rb:65:in `call'
web-console (3.6.2) lib/web_console/middleware.rb:135:in `call_app'
web-console (3.6.2) lib/web_console/middleware.rb:30:in `block in call'
web-console (3.6.2) lib/web_console/middleware.rb:20:in `catch'
web-console (3.6.2) lib/web_console/middleware.rb:20:in `call'
actionpack (5.2.0) lib/action_dispatch/middleware/show_exceptions.rb:33:in `call'
railties (5.2.0) lib/rails/rack/logger.rb:38:in `call_app'
railties (5.2.0) lib/rails/rack/logger.rb:26:in `block in call'
activesupport (5.2.0) lib/active_support/tagged_logging.rb:71:in `block in tagged'
activesupport (5.2.0) lib/active_support/tagged_logging.rb:28:in `tagged'
activesupport (5.2.0) lib/active_support/tagged_logging.rb:71:in `tagged'
railties (5.2.0) lib/rails/rack/logger.rb:26:in `call'
sprockets-rails (3.2.1) lib/sprockets/rails/quiet_assets.rb:13:in `call'
actionpack (5.2.0) lib/action_dispatch/middleware/remote_ip.rb:81:in `call'
actionpack (5.2.0) lib/action_dispatch/middleware/request_id.rb:27:in `call'
rack (2.0.5) lib/rack/method_override.rb:22:in `call'
rack (2.0.5) lib/rack/runtime.rb:22:in `call'
activesupport (5.2.0) lib/active_support/cache/strategy/local_cache_middleware.rb:29:in `call'
actionpack (5.2.0) lib/action_dispatch/middleware/executor.rb:14:in `call'
actionpack (5.2.0) lib/action_dispatch/middleware/static.rb:127:in `call'
rack (2.0.5) lib/rack/sendfile.rb:111:in `call'
railties (5.2.0) lib/rails/engine.rb:524:in `call'
puma (3.11.4) lib/puma/configuration.rb:225:in `call'
puma (3.11.4) lib/puma/server.rb:632:in `handle_request'
puma (3.11.4) lib/puma/server.rb:446:in `process_client'
puma (3.11.4) lib/puma/server.rb:306:in `block in run'
puma (3.11.4) lib/puma/thread_pool.rb:120:in `block in spawn_thread'
Started GET "/index" for 127.0.0.1 at 2018-06-09 15:24:50 +0200
  
ActionController::RoutingError (No route matches [GET] "/index"):
  
actionpack (5.2.0) lib/action_dispatch/middleware/debug_exceptions.rb:65:in `call'
web-console (3.6.2) lib/web_console/middleware.rb:135:in `call_app'
web-console (3.6.2) lib/web_console/middleware.rb:30:in `block in call'
web-console (3.6.2) lib/web_console/middleware.rb:20:in `catch'
web-console (3.6.2) lib/web_console/middleware.rb:20:in `call'
actionpack (5.2.0) lib/action_dispatch/middleware/show_exceptions.rb:33:in `call'
railties (5.2.0) lib/rails/rack/logger.rb:38:in `call_app'
railties (5.2.0) lib/rails/rack/logger.rb:26:in `block in call'
activesupport (5.2.0) lib/active_support/tagged_logging.rb:71:in `block in tagged'
activesupport (5.2.0) lib/active_support/tagged_logging.rb:28:in `tagged'
activesupport (5.2.0) lib/active_support/tagged_logging.rb:71:in `tagged'
railties (5.2.0) lib/rails/rack/logger.rb:26:in `call'
sprockets-rails (3.2.1) lib/sprockets/rails/quiet_assets.rb:13:in `call'
actionpack (5.2.0) lib/action_dispatch/middleware/remote_ip.rb:81:in `call'
actionpack (5.2.0) lib/action_dispatch/middleware/request_id.rb:27:in `call'
rack (2.0.5) lib/rack/method_override.rb:22:in `call'
rack (2.0.5) lib/rack/runtime.rb:22:in `call'
activesupport (5.2.0) lib/active_support/cache/strategy/local_cache_middleware.rb:29:in `call'
actionpack (5.2.0) lib/action_dispatch/middleware/executor.rb:14:in `call'
actionpack (5.2.0) lib/action_dispatch/middleware/static.rb:127:in `call'
rack (2.0.5) lib/rack/sendfile.rb:111:in `call'
railties (5.2.0) lib/rails/engine.rb:524:in `call'
puma (3.11.4) lib/puma/configuration.rb:225:in `call'
puma (3.11.4) lib/puma/server.rb:632:in `handle_request'
puma (3.11.4) lib/puma/server.rb:446:in `process_client'
puma (3.11.4) lib/puma/server.rb:306:in `block in run'
puma (3.11.4) lib/puma/thread_pool.rb:120:in `block in spawn_thread'
Started GET "/index" for 127.0.0.1 at 2018-06-09 15:26:57 +0200
  
ActionController::RoutingError (No route matches [GET] "/index"):
  
actionpack (5.2.0) lib/action_dispatch/middleware/debug_exceptions.rb:65:in `call'
web-console (3.6.2) lib/web_console/middleware.rb:135:in `call_app'
web-console (3.6.2) lib/web_console/middleware.rb:30:in `block in call'
web-console (3.6.2) lib/web_console/middleware.rb:20:in `catch'
web-console (3.6.2) lib/web_console/middleware.rb:20:in `call'
actionpack (5.2.0) lib/action_dispatch/middleware/show_exceptions.rb:33:in `call'
railties (5.2.0) lib/rails/rack/logger.rb:38:in `call_app'
railties (5.2.0) lib/rails/rack/logger.rb:26:in `block in call'
activesupport (5.2.0) lib/active_support/tagged_logging.rb:71:in `block in tagged'
activesupport (5.2.0) lib/active_support/tagged_logging.rb:28:in `tagged'
activesupport (5.2.0) lib/active_support/tagged_logging.rb:71:in `tagged'
railties (5.2.0) lib/rails/rack/logger.rb:26:in `call'
sprockets-rails (3.2.1) lib/sprockets/rails/quiet_assets.rb:13:in `call'
actionpack (5.2.0) lib/action_dispatch/middleware/remote_ip.rb:81:in `call'
actionpack (5.2.0) lib/action_dispatch/middleware/request_id.rb:27:in `call'
rack (2.0.5) lib/rack/method_override.rb:22:in `call'
rack (2.0.5) lib/rack/runtime.rb:22:in `call'
activesupport (5.2.0) lib/active_support/cache/strategy/local_cache_middleware.rb:29:in `call'
actionpack (5.2.0) lib/action_dispatch/middleware/executor.rb:14:in `call'
actionpack (5.2.0) lib/action_dispatch/middleware/static.rb:127:in `call'
rack (2.0.5) lib/rack/sendfile.rb:111:in `call'
railties (5.2.0) lib/rails/engine.rb:524:in `call'
puma (3.11.4) lib/puma/configuration.rb:225:in `call'
puma (3.11.4) lib/puma/server.rb:632:in `handle_request'
puma (3.11.4) lib/puma/server.rb:446:in `process_client'
puma (3.11.4) lib/puma/server.rb:306:in `block in run'
puma (3.11.4) lib/puma/thread_pool.rb:120:in `block in spawn_thread'
Started GET "/index" for 127.0.0.1 at 2018-06-09 15:26:57 +0200
  
ActionController::RoutingError (No route matches [GET] "/index"):
  
actionpack (5.2.0) lib/action_dispatch/middleware/debug_exceptions.rb:65:in `call'
web-console (3.6.2) lib/web_console/middleware.rb:135:in `call_app'
web-console (3.6.2) lib/web_console/middleware.rb:30:in `block in call'
web-console (3.6.2) lib/web_console/middleware.rb:20:in `catch'
web-console (3.6.2) lib/web_console/middleware.rb:20:in `call'
actionpack (5.2.0) lib/action_dispatch/middleware/show_exceptions.rb:33:in `call'
railties (5.2.0) lib/rails/rack/logger.rb:38:in `call_app'
railties (5.2.0) lib/rails/rack/logger.rb:26:in `block in call'
activesupport (5.2.0) lib/active_support/tagged_logging.rb:71:in `block in tagged'
activesupport (5.2.0) lib/active_support/tagged_logging.rb:28:in `tagged'
activesupport (5.2.0) lib/active_support/tagged_logging.rb:71:in `tagged'
railties (5.2.0) lib/rails/rack/logger.rb:26:in `call'
sprockets-rails (3.2.1) lib/sprockets/rails/quiet_assets.rb:13:in `call'
actionpack (5.2.0) lib/action_dispatch/middleware/remote_ip.rb:81:in `call'
actionpack (5.2.0) lib/action_dispatch/middleware/request_id.rb:27:in `call'
rack (2.0.5) lib/rack/method_override.rb:22:in `call'
rack (2.0.5) lib/rack/runtime.rb:22:in `call'
activesupport (5.2.0) lib/active_support/cache/strategy/local_cache_middleware.rb:29:in `call'
actionpack (5.2.0) lib/action_dispatch/middleware/executor.rb:14:in `call'
actionpack (5.2.0) lib/action_dispatch/middleware/static.rb:127:in `call'
rack (2.0.5) lib/rack/sendfile.rb:111:in `call'
railties (5.2.0) lib/rails/engine.rb:524:in `call'
puma (3.11.4) lib/puma/configuration.rb:225:in `call'
puma (3.11.4) lib/puma/server.rb:632:in `handle_request'
puma (3.11.4) lib/puma/server.rb:446:in `process_client'
puma (3.11.4) lib/puma/server.rb:306:in `block in run'
puma (3.11.4) lib/puma/thread_pool.rb:120:in `block in spawn_thread'
Started GET "/index" for 127.0.0.1 at 2018-06-09 15:27:02 +0200
  
ActionController::RoutingError (No route matches [GET] "/index"):
  
actionpack (5.2.0) lib/action_dispatch/middleware/debug_exceptions.rb:65:in `call'
web-console (3.6.2) lib/web_console/middleware.rb:135:in `call_app'
web-console (3.6.2) lib/web_console/middleware.rb:30:in `block in call'
web-console (3.6.2) lib/web_console/middleware.rb:20:in `catch'
web-console (3.6.2) lib/web_console/middleware.rb:20:in `call'
actionpack (5.2.0) lib/action_dispatch/middleware/show_exceptions.rb:33:in `call'
railties (5.2.0) lib/rails/rack/logger.rb:38:in `call_app'
railties (5.2.0) lib/rails/rack/logger.rb:26:in `block in call'
activesupport (5.2.0) lib/active_support/tagged_logging.rb:71:in `block in tagged'
activesupport (5.2.0) lib/active_support/tagged_logging.rb:28:in `tagged'
activesupport (5.2.0) lib/active_support/tagged_logging.rb:71:in `tagged'
railties (5.2.0) lib/rails/rack/logger.rb:26:in `call'
sprockets-rails (3.2.1) lib/sprockets/rails/quiet_assets.rb:13:in `call'
actionpack (5.2.0) lib/action_dispatch/middleware/remote_ip.rb:81:in `call'
actionpack (5.2.0) lib/action_dispatch/middleware/request_id.rb:27:in `call'
rack (2.0.5) lib/rack/method_override.rb:22:in `call'
rack (2.0.5) lib/rack/runtime.rb:22:in `call'
activesupport (5.2.0) lib/active_support/cache/strategy/local_cache_middleware.rb:29:in `call'
actionpack (5.2.0) lib/action_dispatch/middleware/executor.rb:14:in `call'
actionpack (5.2.0) lib/action_dispatch/middleware/static.rb:127:in `call'
rack (2.0.5) lib/rack/sendfile.rb:111:in `call'
railties (5.2.0) lib/rails/engine.rb:524:in `call'
puma (3.11.4) lib/puma/configuration.rb:225:in `call'
puma (3.11.4) lib/puma/server.rb:632:in `handle_request'
puma (3.11.4) lib/puma/server.rb:446:in `process_client'
puma (3.11.4) lib/puma/server.rb:306:in `block in run'
puma (3.11.4) lib/puma/thread_pool.rb:120:in `block in spawn_thread'
Started GET "/" for 127.0.0.1 at 2018-06-09 15:27:03 +0200
Processing by PagesController#home as HTML
  Rendering pages/home.html.erb within layouts/application
  Rendered pages/home.html.erb within layouts/application (0.2ms)
  [1m[36mUser Load (1.2ms)[0m  [1m[34mSELECT  "users".* FROM "users" WHERE "users"."id" = $1 ORDER BY "users"."id" ASC LIMIT $2[0m  [["id", 1], ["LIMIT", 1]]
  â†³ app/views/shared/_navbar.html.erb:3
  Rendered shared/_navbar.html.erb (3.3ms)
  Rendered shared/_flashes.html.erb (0.4ms)
Completed 200 OK in 26ms (Views: 23.6ms | ActiveRecord: 1.2ms)


Started GET "/" for 127.0.0.1 at 2018-06-09 15:27:03 +0200
Processing by PagesController#home as HTML
  Rendering pages/home.html.erb within layouts/application
  Rendered pages/home.html.erb within layouts/application (0.3ms)
  [1m[36mUser Load (0.4ms)[0m  [1m[34mSELECT  "users".* FROM "users" WHERE "users"."id" = $1 ORDER BY "users"."id" ASC LIMIT $2[0m  [["id", 1], ["LIMIT", 1]]
  â†³ app/views/shared/_navbar.html.erb:3
  Rendered shared/_navbar.html.erb (2.3ms)
  Rendered shared/_flashes.html.erb (0.4ms)
Completed 200 OK in 32ms (Views: 29.9ms | ActiveRecord: 0.4ms)


Started GET "/" for 127.0.0.1 at 2018-06-09 15:27:28 +0200
Processing by PagesController#home as HTML
  Rendering pages/home.html.erb within layouts/application
  Rendered pages/home.html.erb within layouts/application (0.3ms)
  [1m[36mUser Load (0.5ms)[0m  [1m[34mSELECT  "users".* FROM "users" WHERE "users"."id" = $1 ORDER BY "users"."id" ASC LIMIT $2[0m  [["id", 1], ["LIMIT", 1]]
  â†³ app/views/shared/_navbar.html.erb:3
  Rendered shared/_navbar.html.erb (2.2ms)
  Rendered shared/_flashes.html.erb (0.3ms)
Completed 200 OK in 23ms (Views: 21.1ms | ActiveRecord: 0.5ms)


Started GET "/new" for 127.0.0.1 at 2018-06-09 15:27:30 +0200
  
ActionController::RoutingError (No route matches [GET] "/new"):
  
actionpack (5.2.0) lib/action_dispatch/middleware/debug_exceptions.rb:65:in `call'
web-console (3.6.2) lib/web_console/middleware.rb:135:in `call_app'
web-console (3.6.2) lib/web_console/middleware.rb:30:in `block in call'
web-console (3.6.2) lib/web_console/middleware.rb:20:in `catch'
web-console (3.6.2) lib/web_console/middleware.rb:20:in `call'
actionpack (5.2.0) lib/action_dispatch/middleware/show_exceptions.rb:33:in `call'
railties (5.2.0) lib/rails/rack/logger.rb:38:in `call_app'
railties (5.2.0) lib/rails/rack/logger.rb:26:in `block in call'
activesupport (5.2.0) lib/active_support/tagged_logging.rb:71:in `block in tagged'
activesupport (5.2.0) lib/active_support/tagged_logging.rb:28:in `tagged'
activesupport (5.2.0) lib/active_support/tagged_logging.rb:71:in `tagged'
railties (5.2.0) lib/rails/rack/logger.rb:26:in `call'
sprockets-rails (3.2.1) lib/sprockets/rails/quiet_assets.rb:13:in `call'
actionpack (5.2.0) lib/action_dispatch/middleware/remote_ip.rb:81:in `call'
actionpack (5.2.0) lib/action_dispatch/middleware/request_id.rb:27:in `call'
rack (2.0.5) lib/rack/method_override.rb:22:in `call'
rack (2.0.5) lib/rack/runtime.rb:22:in `call'
activesupport (5.2.0) lib/active_support/cache/strategy/local_cache_middleware.rb:29:in `call'
actionpack (5.2.0) lib/action_dispatch/middleware/executor.rb:14:in `call'
actionpack (5.2.0) lib/action_dispatch/middleware/static.rb:127:in `call'
rack (2.0.5) lib/rack/sendfile.rb:111:in `call'
railties (5.2.0) lib/rails/engine.rb:524:in `call'
puma (3.11.4) lib/puma/configuration.rb:225:in `call'
puma (3.11.4) lib/puma/server.rb:632:in `handle_request'
puma (3.11.4) lib/puma/server.rb:446:in `process_client'
puma (3.11.4) lib/puma/server.rb:306:in `block in run'
puma (3.11.4) lib/puma/thread_pool.rb:120:in `block in spawn_thread'
Started GET "/" for 127.0.0.1 at 2018-06-11 09:13:05 +0200
  [1m[35m (0.8ms)[0m  [1m[34mSELECT "schema_migrations"."version" FROM "schema_migrations" ORDER BY "schema_migrations"."version" ASC[0m
  â†³ /Users/lucasduval/.rbenv/versions/2.5.1/lib/ruby/gems/2.5.0/gems/activerecord-5.2.0/lib/active_record/log_subscriber.rb:98
Processing by PagesController#home as HTML
  Rendering pages/home.html.erb within layouts/application
  Rendered pages/home.html.erb within layouts/application (1.2ms)
  [1m[36mUser Load (2.3ms)[0m  [1m[34mSELECT  "users".* FROM "users" WHERE "users"."id" = $1 ORDER BY "users"."id" ASC LIMIT $2[0m  [["id", 1], ["LIMIT", 1]]
  â†³ app/views/shared/_navbar.html.erb:3
  Rendered shared/_navbar.html.erb (52.6ms)
  Rendered shared/_flashes.html.erb (0.6ms)
Completed 200 OK in 359ms (Views: 345.9ms | ActiveRecord: 10.9ms)


